[17Feb2025 00:27:04.060] [Server thread/INFO] [net.minecraft.server.players.PlayerList/]: robert[/100.117.211.19:57841] logged in with entity id 5617 at (24.67152408813229, 68.0, -33.890288121111)
[17Feb2025 00:27:04.086] [Server thread/INFO] [net.minecraft.server.MinecraftServer/]: robert joined the game
[17Feb2025 00:27:06.643] [Server thread/INFO] [com.alrex.parcool.ParCool/]: Limitation of 0fc0c175-2f5c-3b8d-8c4a-a0baaa5476d1 was loaded
[17Feb2025 00:28:42.991] [Server thread/INFO] [net.minecraft.server.network.ServerGamePacketListenerImpl/]: robert lost connection: Disconnected
[17Feb2025 00:28:42.991] [Server thread/INFO] [net.minecraft.server.MinecraftServer/]: robert left the game
[17Feb2025 00:28:42.991] [Server thread/INFO] [com.alrex.parcool.ParCool/]: Limitation of 0fc0c175-2f5c-3b8d-8c4a-a0baaa5476d1 was unloaded
[17Feb2025 00:32:02.204] [Server thread/INFO] [net.minecraft.server.players.PlayerList/]: robert[/100.117.211.19:57919] logged in with entity id 5937 at (15.35992721666257, 69.0, -33.05823788978873)
[17Feb2025 00:32:02.238] [Server thread/INFO] [net.minecraft.server.MinecraftServer/]: robert joined the game
[17Feb2025 00:32:05.244] [Server thread/INFO] [com.alrex.parcool.ParCool/]: Limitation of 0fc0c175-2f5c-3b8d-8c4a-a0baaa5476d1 was loaded
[17Feb2025 00:32:45.686] [Server thread/INFO] [net.minecraft.server.MinecraftServer/]: robert was slain by Dread Hound
[17Feb2025 00:32:45.704] [Server thread/INFO] [tombstone/]: The player robert has successfully been saved
[17Feb2025 00:33:19.194] [Server thread/INFO] [net.minecraft.server.players.PlayerList/]: Angel[/100.104.28.31:57277] logged in with entity id 6438 at (23.5, 66.0, -41.5)
[17Feb2025 00:33:19.229] [Server thread/INFO] [net.minecraft.server.MinecraftServer/]: Angel joined the game
[17Feb2025 00:33:19.584] [Server thread/INFO] [net.minecraft.server.MinecraftServer/]: Angel has completed the challenge [The Undead]
[17Feb2025 00:33:19.586] [Server thread/INFO] [net.minecraft.server.MinecraftServer/]: Angel has made the advancement [Ice and Fire]
[17Feb2025 00:33:20.521] [Server thread/INFO] [com.alrex.parcool.ParCool/]: Limitation of e2401a9b-d035-3821-b275-03f8b4339b02 was loaded
[17Feb2025 00:34:17.944] [Server thread/INFO] [net.minecraft.server.players.PlayerList/]: wallace2020[/100.113.22.47:52581] logged in with entity id 6774 at (6.5, 67.0, -36.5)
[17Feb2025 00:34:17.970] [Server thread/INFO] [net.minecraft.server.MinecraftServer/]: wallace2020 joined the game
[17Feb2025 00:34:18.134] [Server thread/INFO] [net.minecraft.server.MinecraftServer/]: wallace2020 has completed the challenge [The Undead]
[17Feb2025 00:34:18.135] [Server thread/INFO] [net.minecraft.server.MinecraftServer/]: wallace2020 has made the advancement [Ice and Fire]
[17Feb2025 00:34:19.678] [Server thread/INFO] [com.alrex.parcool.ParCool/]: Limitation of 11cbbd41-d4a7-33d5-b577-9d5639a9d891 was loaded
[17Feb2025 00:35:10.012] [Server thread/INFO] [net.minecraft.server.MinecraftServer/]: Angel was slain by robert
[17Feb2025 00:35:10.014] [Server thread/INFO] [net.minecraft.server.MinecraftServer/]: Angel has made the advancement [Your First Grave]
[17Feb2025 00:35:10.100] [Server thread/INFO] [tombstone/]: The player Angel has successfully been saved
[17Feb2025 00:35:18.304] [Server thread/INFO] [net.minecraft.server.MinecraftServer/]: Angel has made the advancement [Alex's Mobs]
[17Feb2025 00:35:35.104] [Server thread/WARN] [net.minecraft.server.MinecraftServer/]: Can't keep up! Is the server overloaded? Running 2176ms or 43 ticks behind
[17Feb2025 00:35:52.137] [Server thread/WARN] [net.minecraft.server.MinecraftServer/]: Can't keep up! Is the server overloaded? Running 2058ms or 41 ticks behind
[17Feb2025 00:36:13.797] [Server thread/WARN] [net.minecraft.server.MinecraftServer/]: Can't keep up! Is the server overloaded? Running 6669ms or 133 ticks behind
[17Feb2025 00:36:36.226] [Server thread/WARN] [net.minecraft.server.MinecraftServer/]: Can't keep up! Is the server overloaded? Running 7448ms or 148 ticks behind
[17Feb2025 00:36:44.849] [pool-6-thread-1/INFO] [Supplementaries/]: Searching for closest structure among [ResourceKey[minecraft:worldgen/structure / minecraft:village_plains], ResourceKey[minecraft:worldgen/structure / minecraft:village_desert], ResourceKey[minecraft:worldgen/structure / minecraft:village_snowy], ResourceKey[minecraft:worldgen/structure / minecraft:village_taiga], ResourceKey[minecraft:worldgen/structure / minecraft:village_savanna]] from pos BlockPos{x=363, y=75, z=-267}
[17Feb2025 00:37:03.095] [Server thread/WARN] [net.minecraft.server.MinecraftServer/]: Can't keep up! Is the server overloaded? Running 11916ms or 238 ticks behind
[17Feb2025 00:37:21.369] [Server thread/WARN] [net.minecraft.server.MinecraftServer/]: Can't keep up! Is the server overloaded? Running 3290ms or 65 ticks behind
[17Feb2025 00:39:29.135] [Server thread/INFO] [net.minecraft.server.MinecraftServer/]: wallace2020 was slain by Dread Thrall
[17Feb2025 00:39:29.137] [Server thread/INFO] [net.minecraft.server.MinecraftServer/]: wallace2020 has made the advancement [Your First Grave]
[17Feb2025 00:39:29.196] [Server thread/INFO] [tombstone/]: The player wallace2020 has successfully been saved
[17Feb2025 00:40:08.031] [Server thread/WARN] [net.minecraft.server.MinecraftServer/]: Can't keep up! Is the server overloaded? Running 2003ms or 40 ticks behind
[17Feb2025 00:40:57.382] [Server thread/INFO] [net.minecraft.server.MinecraftServer/]: robert was doomed to fall by Angel
[17Feb2025 00:40:57.490] [Server thread/INFO] [tombstone/]: The player robert has successfully been saved
[17Feb2025 00:41:09.417] [Server thread/INFO] [net.minecraft.server.MinecraftServer/]: wallace2020 was slain by Dread Ghoul
[17Feb2025 00:41:09.482] [Server thread/INFO] [tombstone/]: The player wallace2020 has successfully been saved
[17Feb2025 00:41:17.759] [Server thread/INFO] [net.minecraft.server.MinecraftServer/]: Angel fell from a high place
[17Feb2025 00:41:17.775] [Server thread/INFO] [tombstone/]: The player Angel has successfully been saved
[17Feb2025 00:41:35.198] [Server thread/INFO] [net.minecraft.server.MinecraftServer/]: Angel has reached the goal [Here They Come]
